2025-03-15 11:03:43.068 [restartedMain] INFO  c.e.springbootwebmvc.SpringbootWebmvcApplication - Starting SpringbootWebmvcApplication using Java 1.8.0_411 on DESKTOP-4UQJUI6 with PID 37792 (D:\code\study\protobuf\target\classes started by DELL in D:\code\study\protobuf)
2025-03-15 11:03:43.069 [restartedMain] DEBUG c.e.springbootwebmvc.SpringbootWebmvcApplication - Running with Spring Boot v2.7.0, Spring v5.3.20
2025-03-15 11:03:43.069 [restartedMain] INFO  c.e.springbootwebmvc.SpringbootWebmvcApplication - No active profile set, falling back to 1 default profile: "default"
2025-03-15 11:03:43.101 [restartedMain] INFO  o.s.b.d.env.DevToolsPropertyDefaultsPostProcessor - Devtools property defaults active! Set 'spring.devtools.add-properties' to 'false' to disable
2025-03-15 11:03:43.103 [restartedMain] INFO  o.s.b.d.env.DevToolsPropertyDefaultsPostProcessor - For additional web related logging consider setting the 'logging.level.web' property to 'DEBUG'
2025-03-15 11:03:43.806 [restartedMain] INFO  o.s.boot.web.embedded.tomcat.TomcatWebServer - Tomcat initialized with port(s): 8080 (http)
2025-03-15 11:03:43.816 [restartedMain] INFO  org.apache.coyote.http11.Http11NioProtocol - Initializing ProtocolHandler ["http-nio-8080"]
2025-03-15 11:03:43.817 [restartedMain] INFO  org.apache.catalina.core.StandardService - Starting service [Tomcat]
2025-03-15 11:03:43.817 [restartedMain] INFO  org.apache.catalina.core.StandardEngine - Starting Servlet engine: [Apache Tomcat/9.0.63]
2025-03-15 11:03:43.856 [restartedMain] INFO  o.a.c.core.ContainerBase.[Tomcat].[localhost].[/] - Initializing Spring embedded WebApplicationContext
2025-03-15 11:03:43.857 [restartedMain] INFO  o.s.b.w.s.c.ServletWebServerApplicationContext - Root WebApplicationContext: initialization completed in 754 ms
2025-03-15 11:03:44.095 [restartedMain] INFO  o.s.b.d.autoconfigure.OptionalLiveReloadServer - LiveReload server is running on port 35729
2025-03-15 11:03:44.102 [restartedMain] INFO  org.apache.coyote.http11.Http11NioProtocol - Starting ProtocolHandler ["http-nio-8080"]
2025-03-15 11:03:44.114 [restartedMain] INFO  o.s.boot.web.embedded.tomcat.TomcatWebServer - Tomcat started on port(s): 8080 (http) with context path ''
2025-03-15 11:03:44.122 [restartedMain] INFO  c.e.springbootwebmvc.SpringbootWebmvcApplication - Started SpringbootWebmvcApplication in 1.343 seconds (JVM running for 1.683)
2025-03-15 11:05:06.965 [restartedMain] INFO  c.e.springbootwebmvc.SpringbootWebmvcApplication - Starting SpringbootWebmvcApplication using Java 1.8.0_411 on DESKTOP-4UQJUI6 with PID 37792 (D:\code\study\protobuf\target\classes started by DELL in D:\code\study\protobuf)
2025-03-15 11:05:06.965 [restartedMain] DEBUG c.e.springbootwebmvc.SpringbootWebmvcApplication - Running with Spring Boot v2.7.0, Spring v5.3.20
2025-03-15 11:05:06.965 [restartedMain] INFO  c.e.springbootwebmvc.SpringbootWebmvcApplication - No active profile set, falling back to 1 default profile: "default"
2025-03-15 11:05:07.064 [restartedMain] INFO  o.s.boot.web.embedded.tomcat.TomcatWebServer - Tomcat initialized with port(s): 8080 (http)
2025-03-15 11:05:07.067 [restartedMain] INFO  org.apache.coyote.http11.Http11NioProtocol - Initializing ProtocolHandler ["http-nio-8080"]
2025-03-15 11:05:07.069 [restartedMain] INFO  org.apache.catalina.core.StandardService - Starting service [Tomcat]
2025-03-15 11:05:07.069 [restartedMain] INFO  org.apache.catalina.core.StandardEngine - Starting Servlet engine: [Apache Tomcat/9.0.63]
2025-03-15 11:05:07.074 [restartedMain] INFO  o.a.c.core.ContainerBase.[Tomcat].[localhost].[/] - Initializing Spring embedded WebApplicationContext
2025-03-15 11:05:07.076 [restartedMain] INFO  o.s.b.w.s.c.ServletWebServerApplicationContext - Root WebApplicationContext: initialization completed in 109 ms
2025-03-15 11:05:07.174 [restartedMain] INFO  o.s.b.d.autoconfigure.OptionalLiveReloadServer - LiveReload server is running on port 35729
2025-03-15 11:05:07.181 [restartedMain] INFO  org.apache.coyote.http11.Http11NioProtocol - Starting ProtocolHandler ["http-nio-8080"]
2025-03-15 11:05:07.188 [restartedMain] INFO  o.s.boot.web.embedded.tomcat.TomcatWebServer - Tomcat started on port(s): 8080 (http) with context path ''
2025-03-15 11:05:07.192 [restartedMain] INFO  c.e.springbootwebmvc.SpringbootWebmvcApplication - Started SpringbootWebmvcApplication in 0.247 seconds (JVM running for 84.753)
2025-03-15 11:05:07.197 [restartedMain] INFO  o.s.b.d.a.ConditionEvaluationDeltaLoggingListener - Condition evaluation unchanged
2025-03-15 11:05:55.494 [restartedMain] INFO  c.e.springbootwebmvc.SpringbootWebmvcApplication - Starting SpringbootWebmvcApplication using Java 1.8.0_411 on DESKTOP-4UQJUI6 with PID 37792 (D:\code\study\protobuf\target\classes started by DELL in D:\code\study\protobuf)
2025-03-15 11:05:55.494 [restartedMain] DEBUG c.e.springbootwebmvc.SpringbootWebmvcApplication - Running with Spring Boot v2.7.0, Spring v5.3.20
2025-03-15 11:05:55.494 [restartedMain] INFO  c.e.springbootwebmvc.SpringbootWebmvcApplication - No active profile set, falling back to 1 default profile: "default"
2025-03-15 11:05:55.578 [restartedMain] INFO  o.s.boot.web.embedded.tomcat.TomcatWebServer - Tomcat initialized with port(s): 8080 (http)
2025-03-15 11:05:55.579 [restartedMain] INFO  org.apache.coyote.http11.Http11NioProtocol - Initializing ProtocolHandler ["http-nio-8080"]
2025-03-15 11:05:55.581 [restartedMain] INFO  org.apache.catalina.core.StandardService - Starting service [Tomcat]
2025-03-15 11:05:55.581 [restartedMain] INFO  org.apache.catalina.core.StandardEngine - Starting Servlet engine: [Apache Tomcat/9.0.63]
2025-03-15 11:05:55.586 [restartedMain] INFO  o.a.c.core.ContainerBase.[Tomcat].[localhost].[/] - Initializing Spring embedded WebApplicationContext
2025-03-15 11:05:55.587 [restartedMain] INFO  o.s.b.w.s.c.ServletWebServerApplicationContext - Root WebApplicationContext: initialization completed in 91 ms
2025-03-15 11:05:55.662 [restartedMain] INFO  o.s.b.d.autoconfigure.OptionalLiveReloadServer - LiveReload server is running on port 35729
2025-03-15 11:05:55.667 [restartedMain] INFO  org.apache.coyote.http11.Http11NioProtocol - Starting ProtocolHandler ["http-nio-8080"]
2025-03-15 11:05:55.687 [restartedMain] INFO  o.s.boot.web.embedded.tomcat.TomcatWebServer - Tomcat started on port(s): 8080 (http) with context path ''
2025-03-15 11:05:55.691 [restartedMain] INFO  c.e.springbootwebmvc.SpringbootWebmvcApplication - Started SpringbootWebmvcApplication in 0.217 seconds (JVM running for 133.252)
2025-03-15 11:05:55.693 [restartedMain] INFO  o.s.b.d.a.ConditionEvaluationDeltaLoggingListener - Condition evaluation unchanged
2025-03-15 11:06:31.703 [restartedMain] INFO  c.e.springbootwebmvc.SpringbootWebmvcApplication - Starting SpringbootWebmvcApplication using Java 1.8.0_411 on DESKTOP-4UQJUI6 with PID 37792 (D:\code\study\protobuf\target\classes started by DELL in D:\code\study\protobuf)
2025-03-15 11:06:31.703 [restartedMain] DEBUG c.e.springbootwebmvc.SpringbootWebmvcApplication - Running with Spring Boot v2.7.0, Spring v5.3.20
2025-03-15 11:06:31.703 [restartedMain] INFO  c.e.springbootwebmvc.SpringbootWebmvcApplication - No active profile set, falling back to 1 default profile: "default"
2025-03-15 11:06:31.783 [restartedMain] INFO  o.s.boot.web.embedded.tomcat.TomcatWebServer - Tomcat initialized with port(s): 8080 (http)
2025-03-15 11:06:31.785 [restartedMain] INFO  org.apache.coyote.http11.Http11NioProtocol - Initializing ProtocolHandler ["http-nio-8080"]
2025-03-15 11:06:31.785 [restartedMain] INFO  org.apache.catalina.core.StandardService - Starting service [Tomcat]
2025-03-15 11:06:31.785 [restartedMain] INFO  org.apache.catalina.core.StandardEngine - Starting Servlet engine: [Apache Tomcat/9.0.63]
2025-03-15 11:06:31.789 [restartedMain] INFO  o.a.c.core.ContainerBase.[Tomcat].[localhost].[/] - Initializing Spring embedded WebApplicationContext
2025-03-15 11:06:31.789 [restartedMain] INFO  o.s.b.w.s.c.ServletWebServerApplicationContext - Root WebApplicationContext: initialization completed in 85 ms
2025-03-15 11:06:31.832 [restartedMain] INFO  o.s.b.d.autoconfigure.OptionalLiveReloadServer - LiveReload server is running on port 35729
2025-03-15 11:06:31.836 [restartedMain] INFO  org.apache.coyote.http11.Http11NioProtocol - Starting ProtocolHandler ["http-nio-8080"]
2025-03-15 11:06:31.840 [restartedMain] INFO  o.s.boot.web.embedded.tomcat.TomcatWebServer - Tomcat started on port(s): 8080 (http) with context path ''
2025-03-15 11:06:31.842 [restartedMain] INFO  c.e.springbootwebmvc.SpringbootWebmvcApplication - Started SpringbootWebmvcApplication in 0.16 seconds (JVM running for 169.403)
2025-03-15 11:06:31.844 [restartedMain] INFO  o.s.b.d.a.ConditionEvaluationDeltaLoggingListener - Condition evaluation unchanged
2025-03-15 11:06:43.516 [restartedMain] INFO  c.e.springbootwebmvc.SpringbootWebmvcApplication - Starting SpringbootWebmvcApplication using Java 1.8.0_411 on DESKTOP-4UQJUI6 with PID 37792 (D:\code\study\protobuf\target\classes started by DELL in D:\code\study\protobuf)
2025-03-15 11:06:43.516 [restartedMain] DEBUG c.e.springbootwebmvc.SpringbootWebmvcApplication - Running with Spring Boot v2.7.0, Spring v5.3.20
2025-03-15 11:06:43.516 [restartedMain] INFO  c.e.springbootwebmvc.SpringbootWebmvcApplication - No active profile set, falling back to 1 default profile: "default"
2025-03-15 11:06:43.581 [restartedMain] INFO  o.s.boot.web.embedded.tomcat.TomcatWebServer - Tomcat initialized with port(s): 8080 (http)
2025-03-15 11:06:43.582 [restartedMain] INFO  org.apache.coyote.http11.Http11NioProtocol - Initializing ProtocolHandler ["http-nio-8080"]
2025-03-15 11:06:43.582 [restartedMain] INFO  org.apache.catalina.core.StandardService - Starting service [Tomcat]
2025-03-15 11:06:43.583 [restartedMain] INFO  org.apache.catalina.core.StandardEngine - Starting Servlet engine: [Apache Tomcat/9.0.63]
2025-03-15 11:06:43.587 [restartedMain] INFO  o.a.c.core.ContainerBase.[Tomcat].[localhost].[/] - Initializing Spring embedded WebApplicationContext
2025-03-15 11:06:43.588 [restartedMain] INFO  o.s.b.w.s.c.ServletWebServerApplicationContext - Root WebApplicationContext: initialization completed in 71 ms
2025-03-15 11:06:43.618 [restartedMain] INFO  o.s.b.d.autoconfigure.OptionalLiveReloadServer - LiveReload server is running on port 35729
2025-03-15 11:06:43.620 [restartedMain] INFO  org.apache.coyote.http11.Http11NioProtocol - Starting ProtocolHandler ["http-nio-8080"]
2025-03-15 11:06:43.622 [restartedMain] INFO  o.s.boot.web.embedded.tomcat.TomcatWebServer - Tomcat started on port(s): 8080 (http) with context path ''
2025-03-15 11:06:43.624 [restartedMain] INFO  c.e.springbootwebmvc.SpringbootWebmvcApplication - Started SpringbootWebmvcApplication in 0.126 seconds (JVM running for 181.185)
2025-03-15 11:06:43.625 [restartedMain] INFO  o.s.b.d.a.ConditionEvaluationDeltaLoggingListener - Condition evaluation unchanged
2025-03-15 11:06:55.347 [restartedMain] INFO  c.e.springbootwebmvc.SpringbootWebmvcApplication - Starting SpringbootWebmvcApplication using Java 1.8.0_411 on DESKTOP-4UQJUI6 with PID 37792 (D:\code\study\protobuf\target\classes started by DELL in D:\code\study\protobuf)
2025-03-15 11:06:55.348 [restartedMain] DEBUG c.e.springbootwebmvc.SpringbootWebmvcApplication - Running with Spring Boot v2.7.0, Spring v5.3.20
2025-03-15 11:06:55.348 [restartedMain] INFO  c.e.springbootwebmvc.SpringbootWebmvcApplication - No active profile set, falling back to 1 default profile: "default"
2025-03-15 11:06:55.421 [restartedMain] INFO  o.s.boot.web.embedded.tomcat.TomcatWebServer - Tomcat initialized with port(s): 8080 (http)
2025-03-15 11:06:55.422 [restartedMain] INFO  org.apache.coyote.http11.Http11NioProtocol - Initializing ProtocolHandler ["http-nio-8080"]
2025-03-15 11:06:55.423 [restartedMain] INFO  org.apache.catalina.core.StandardService - Starting service [Tomcat]
2025-03-15 11:06:55.423 [restartedMain] INFO  org.apache.catalina.core.StandardEngine - Starting Servlet engine: [Apache Tomcat/9.0.63]
2025-03-15 11:06:55.427 [restartedMain] INFO  o.a.c.core.ContainerBase.[Tomcat].[localhost].[/] - Initializing Spring embedded WebApplicationContext
2025-03-15 11:06:55.427 [restartedMain] INFO  o.s.b.w.s.c.ServletWebServerApplicationContext - Root WebApplicationContext: initialization completed in 78 ms
2025-03-15 11:06:55.460 [restartedMain] INFO  o.s.b.d.autoconfigure.OptionalLiveReloadServer - LiveReload server is running on port 35729
2025-03-15 11:06:55.464 [restartedMain] INFO  org.apache.coyote.http11.Http11NioProtocol - Starting ProtocolHandler ["http-nio-8080"]
2025-03-15 11:06:55.467 [restartedMain] INFO  o.s.boot.web.embedded.tomcat.TomcatWebServer - Tomcat started on port(s): 8080 (http) with context path ''
2025-03-15 11:06:55.470 [restartedMain] INFO  c.e.springbootwebmvc.SpringbootWebmvcApplication - Started SpringbootWebmvcApplication in 0.142 seconds (JVM running for 193.031)
2025-03-15 11:06:55.471 [restartedMain] INFO  o.s.b.d.a.ConditionEvaluationDeltaLoggingListener - Condition evaluation unchanged
2025-03-15 11:08:08.488 [http-nio-8080-exec-2] INFO  o.a.c.core.ContainerBase.[Tomcat].[localhost].[/] - Initializing Spring DispatcherServlet 'dispatcherServlet'
2025-03-15 11:08:08.489 [http-nio-8080-exec-2] INFO  org.springframework.web.servlet.DispatcherServlet - Initializing Servlet 'dispatcherServlet'
2025-03-15 11:08:08.489 [http-nio-8080-exec-2] INFO  org.springframework.web.servlet.DispatcherServlet - Completed initialization in 0 ms
2025-03-15 11:09:57.854 [restartedMain] INFO  c.e.springbootwebmvc.SpringbootWebmvcApplication - Starting SpringbootWebmvcApplication using Java 1.8.0_411 on DESKTOP-4UQJUI6 with PID 37792 (D:\code\study\protobuf\target\classes started by DELL in D:\code\study\protobuf)
2025-03-15 11:09:57.854 [restartedMain] DEBUG c.e.springbootwebmvc.SpringbootWebmvcApplication - Running with Spring Boot v2.7.0, Spring v5.3.20
2025-03-15 11:09:57.855 [restartedMain] INFO  c.e.springbootwebmvc.SpringbootWebmvcApplication - No active profile set, falling back to 1 default profile: "default"
2025-03-15 11:09:57.922 [restartedMain] INFO  o.s.boot.web.embedded.tomcat.TomcatWebServer - Tomcat initialized with port(s): 8080 (http)
2025-03-15 11:09:57.922 [restartedMain] INFO  org.apache.coyote.http11.Http11NioProtocol - Initializing ProtocolHandler ["http-nio-8080"]
2025-03-15 11:09:57.922 [restartedMain] INFO  org.apache.catalina.core.StandardService - Starting service [Tomcat]
2025-03-15 11:09:57.923 [restartedMain] INFO  org.apache.catalina.core.StandardEngine - Starting Servlet engine: [Apache Tomcat/9.0.63]
2025-03-15 11:09:57.925 [restartedMain] INFO  o.a.c.core.ContainerBase.[Tomcat].[localhost].[/] - Initializing Spring embedded WebApplicationContext
2025-03-15 11:09:57.925 [restartedMain] INFO  o.s.b.w.s.c.ServletWebServerApplicationContext - Root WebApplicationContext: initialization completed in 69 ms
2025-03-15 11:09:57.948 [restartedMain] INFO  o.s.b.d.autoconfigure.OptionalLiveReloadServer - LiveReload server is running on port 35729
2025-03-15 11:09:57.949 [restartedMain] INFO  org.apache.coyote.http11.Http11NioProtocol - Starting ProtocolHandler ["http-nio-8080"]
2025-03-15 11:09:57.951 [restartedMain] INFO  o.s.boot.web.embedded.tomcat.TomcatWebServer - Tomcat started on port(s): 8080 (http) with context path ''
2025-03-15 11:09:57.953 [restartedMain] INFO  c.e.springbootwebmvc.SpringbootWebmvcApplication - Started SpringbootWebmvcApplication in 0.114 seconds (JVM running for 375.513)
2025-03-15 11:09:57.953 [restartedMain] INFO  o.s.b.d.a.ConditionEvaluationDeltaLoggingListener - Condition evaluation unchanged
2025-03-15 11:10:26.294 [restartedMain] INFO  c.e.springbootwebmvc.SpringbootWebmvcApplication - Starting SpringbootWebmvcApplication using Java 1.8.0_411 on DESKTOP-4UQJUI6 with PID 37792 (D:\code\study\protobuf\target\classes started by DELL in D:\code\study\protobuf)
2025-03-15 11:10:26.294 [restartedMain] DEBUG c.e.springbootwebmvc.SpringbootWebmvcApplication - Running with Spring Boot v2.7.0, Spring v5.3.20
2025-03-15 11:10:26.294 [restartedMain] INFO  c.e.springbootwebmvc.SpringbootWebmvcApplication - No active profile set, falling back to 1 default profile: "default"
2025-03-15 11:10:26.359 [restartedMain] INFO  o.s.boot.web.embedded.tomcat.TomcatWebServer - Tomcat initialized with port(s): 8080 (http)
2025-03-15 11:10:26.359 [restartedMain] INFO  org.apache.coyote.http11.Http11NioProtocol - Initializing ProtocolHandler ["http-nio-8080"]
2025-03-15 11:10:26.359 [restartedMain] INFO  org.apache.catalina.core.StandardService - Starting service [Tomcat]
2025-03-15 11:10:26.361 [restartedMain] INFO  org.apache.catalina.core.StandardEngine - Starting Servlet engine: [Apache Tomcat/9.0.63]
2025-03-15 11:10:26.363 [restartedMain] INFO  o.a.c.core.ContainerBase.[Tomcat].[localhost].[/] - Initializing Spring embedded WebApplicationContext
2025-03-15 11:10:26.364 [restartedMain] INFO  o.s.b.w.s.c.ServletWebServerApplicationContext - Root WebApplicationContext: initialization completed in 69 ms
2025-03-15 11:10:26.368 [restartedMain] WARN  o.s.b.w.s.c.AnnotationConfigServletWebServerApplicationContext - Exception encountered during context initialization - cancelling refresh attempt: org.springframework.beans.factory.BeanCreationException: Error creating bean with name 'protobufController': Lookup method resolution failed; nested exception is java.lang.IllegalStateException: Failed to introspect Class [com.example.springbootwebmvc.controller.ProtobufController] from ClassLoader [org.springframework.boot.devtools.restart.classloader.RestartClassLoader@5591c0b5]
2025-03-15 11:10:26.369 [restartedMain] INFO  org.apache.catalina.core.StandardService - Stopping service [Tomcat]
2025-03-15 11:10:26.372 [restartedMain] INFO  o.s.b.a.l.ConditionEvaluationReportLoggingListener - 

Error starting ApplicationContext. To display the conditions report re-run your application with 'debug' enabled.
2025-03-15 11:10:26.385 [restartedMain] ERROR org.springframework.boot.SpringApplication - Application run failed
org.springframework.beans.factory.BeanCreationException: Error creating bean with name 'protobufController': Lookup method resolution failed; nested exception is java.lang.IllegalStateException: Failed to introspect Class [com.example.springbootwebmvc.controller.ProtobufController] from ClassLoader [org.springframework.boot.devtools.restart.classloader.RestartClassLoader@5591c0b5]
	at org.springframework.beans.factory.annotation.AutowiredAnnotationBeanPostProcessor.determineCandidateConstructors(AutowiredAnnotationBeanPostProcessor.java:289)
	at org.springframework.beans.factory.support.AbstractAutowireCapableBeanFactory.determineConstructorsFromBeanPostProcessors(AbstractAutowireCapableBeanFactory.java:1302)
	at org.springframework.beans.factory.support.AbstractAutowireCapableBeanFactory.createBeanInstance(AbstractAutowireCapableBeanFactory.java:1219)
	at org.springframework.beans.factory.support.AbstractAutowireCapableBeanFactory.doCreateBean(AbstractAutowireCapableBeanFactory.java:582)
	at org.springframework.beans.factory.support.AbstractAutowireCapableBeanFactory.createBean(AbstractAutowireCapableBeanFactory.java:542)
	at org.springframework.beans.factory.support.AbstractBeanFactory.lambda$doGetBean$0(AbstractBeanFactory.java:335)
	at org.springframework.beans.factory.support.DefaultSingletonBeanRegistry.getSingleton(DefaultSingletonBeanRegistry.java:234)
	at org.springframework.beans.factory.support.AbstractBeanFactory.doGetBean(AbstractBeanFactory.java:333)
	at org.springframework.beans.factory.support.AbstractBeanFactory.getBean(AbstractBeanFactory.java:208)
	at org.springframework.beans.factory.support.DefaultListableBeanFactory.preInstantiateSingletons(DefaultListableBeanFactory.java:953)
	at org.springframework.context.support.AbstractApplicationContext.finishBeanFactoryInitialization(AbstractApplicationContext.java:918)
	at org.springframework.context.support.AbstractApplicationContext.refresh(AbstractApplicationContext.java:583)
	at org.springframework.boot.web.servlet.context.ServletWebServerApplicationContext.refresh(ServletWebServerApplicationContext.java:147)
	at org.springframework.boot.SpringApplication.refresh(SpringApplication.java:734)
	at org.springframework.boot.SpringApplication.refreshContext(SpringApplication.java:408)
	at org.springframework.boot.SpringApplication.run(SpringApplication.java:308)
	at org.springframework.boot.SpringApplication.run(SpringApplication.java:1306)
	at org.springframework.boot.SpringApplication.run(SpringApplication.java:1295)
	at com.example.springbootwebmvc.SpringbootWebmvcApplication.main(SpringbootWebmvcApplication.java:9)
	at sun.reflect.NativeMethodAccessorImpl.invoke0(Native Method)
	at sun.reflect.NativeMethodAccessorImpl.invoke(NativeMethodAccessorImpl.java:62)
	at sun.reflect.DelegatingMethodAccessorImpl.invoke(DelegatingMethodAccessorImpl.java:43)
	at java.lang.reflect.Method.invoke(Method.java:498)
	at org.springframework.boot.devtools.restart.RestartLauncher.run(RestartLauncher.java:49)
Caused by: java.lang.IllegalStateException: Failed to introspect Class [com.example.springbootwebmvc.controller.ProtobufController] from ClassLoader [org.springframework.boot.devtools.restart.classloader.RestartClassLoader@5591c0b5]
	at org.springframework.util.ReflectionUtils.getDeclaredMethods(ReflectionUtils.java:485)
	at org.springframework.util.ReflectionUtils.doWithLocalMethods(ReflectionUtils.java:321)
	at org.springframework.beans.factory.annotation.AutowiredAnnotationBeanPostProcessor.determineCandidateConstructors(AutowiredAnnotationBeanPostProcessor.java:267)
	... 23 common frames omitted
Caused by: java.lang.NoClassDefFoundError: Person
	at java.lang.Class.getDeclaredMethods0(Native Method)
	at java.lang.Class.privateGetDeclaredMethods(Class.java:2701)
	at java.lang.Class.getDeclaredMethods(Class.java:1975)
	at org.springframework.util.ReflectionUtils.getDeclaredMethods(ReflectionUtils.java:467)
	... 25 common frames omitted
Caused by: java.lang.ClassNotFoundException: Person
	at java.net.URLClassLoader.findClass(URLClassLoader.java:387)
	at java.lang.ClassLoader.loadClass(ClassLoader.java:418)
	at sun.misc.Launcher$AppClassLoader.loadClass(Launcher.java:359)
	at java.lang.ClassLoader.loadClass(ClassLoader.java:351)
	at java.lang.Class.forName0(Native Method)
	at java.lang.Class.forName(Class.java:348)
	at org.springframework.boot.devtools.restart.classloader.RestartClassLoader.loadClass(RestartClassLoader.java:145)
	at java.lang.ClassLoader.loadClass(ClassLoader.java:351)
	... 29 common frames omitted
2025-03-15 11:10:29.850 [restartedMain] INFO  c.e.springbootwebmvc.SpringbootWebmvcApplication - Starting SpringbootWebmvcApplication using Java 1.8.0_411 on DESKTOP-4UQJUI6 with PID 37792 (D:\code\study\protobuf\target\classes started by DELL in D:\code\study\protobuf)
2025-03-15 11:10:29.851 [restartedMain] DEBUG c.e.springbootwebmvc.SpringbootWebmvcApplication - Running with Spring Boot v2.7.0, Spring v5.3.20
2025-03-15 11:10:29.851 [restartedMain] INFO  c.e.springbootwebmvc.SpringbootWebmvcApplication - No active profile set, falling back to 1 default profile: "default"
2025-03-15 11:10:29.915 [restartedMain] INFO  o.s.boot.web.embedded.tomcat.TomcatWebServer - Tomcat initialized with port(s): 8080 (http)
2025-03-15 11:10:29.916 [restartedMain] INFO  org.apache.coyote.http11.Http11NioProtocol - Initializing ProtocolHandler ["http-nio-8080"]
2025-03-15 11:10:29.916 [restartedMain] INFO  org.apache.catalina.core.StandardService - Starting service [Tomcat]
2025-03-15 11:10:29.916 [restartedMain] INFO  org.apache.catalina.core.StandardEngine - Starting Servlet engine: [Apache Tomcat/9.0.63]
2025-03-15 11:10:29.919 [restartedMain] INFO  o.a.c.c.ContainerBase.[Tomcat-1].[localhost].[/] - Initializing Spring embedded WebApplicationContext
2025-03-15 11:10:29.919 [restartedMain] INFO  o.s.b.w.s.c.ServletWebServerApplicationContext - Root WebApplicationContext: initialization completed in 67 ms
2025-03-15 11:10:29.924 [restartedMain] WARN  o.s.b.w.s.c.AnnotationConfigServletWebServerApplicationContext - Exception encountered during context initialization - cancelling refresh attempt: org.springframework.beans.factory.BeanCreationException: Error creating bean with name 'protobufController': Lookup method resolution failed; nested exception is java.lang.IllegalStateException: Failed to introspect Class [com.example.springbootwebmvc.controller.ProtobufController] from ClassLoader [org.springframework.boot.devtools.restart.classloader.RestartClassLoader@67c9bec]
2025-03-15 11:10:29.924 [restartedMain] INFO  org.apache.catalina.core.StandardService - Stopping service [Tomcat]
2025-03-15 11:10:29.927 [restartedMain] INFO  o.s.b.a.l.ConditionEvaluationReportLoggingListener - 

Error starting ApplicationContext. To display the conditions report re-run your application with 'debug' enabled.
2025-03-15 11:10:29.930 [restartedMain] ERROR org.springframework.boot.SpringApplication - Application run failed
org.springframework.beans.factory.BeanCreationException: Error creating bean with name 'protobufController': Lookup method resolution failed; nested exception is java.lang.IllegalStateException: Failed to introspect Class [com.example.springbootwebmvc.controller.ProtobufController] from ClassLoader [org.springframework.boot.devtools.restart.classloader.RestartClassLoader@67c9bec]
	at org.springframework.beans.factory.annotation.AutowiredAnnotationBeanPostProcessor.determineCandidateConstructors(AutowiredAnnotationBeanPostProcessor.java:289)
	at org.springframework.beans.factory.support.AbstractAutowireCapableBeanFactory.determineConstructorsFromBeanPostProcessors(AbstractAutowireCapableBeanFactory.java:1302)
	at org.springframework.beans.factory.support.AbstractAutowireCapableBeanFactory.createBeanInstance(AbstractAutowireCapableBeanFactory.java:1219)
	at org.springframework.beans.factory.support.AbstractAutowireCapableBeanFactory.doCreateBean(AbstractAutowireCapableBeanFactory.java:582)
	at org.springframework.beans.factory.support.AbstractAutowireCapableBeanFactory.createBean(AbstractAutowireCapableBeanFactory.java:542)
	at org.springframework.beans.factory.support.AbstractBeanFactory.lambda$doGetBean$0(AbstractBeanFactory.java:335)
	at org.springframework.beans.factory.support.DefaultSingletonBeanRegistry.getSingleton(DefaultSingletonBeanRegistry.java:234)
	at org.springframework.beans.factory.support.AbstractBeanFactory.doGetBean(AbstractBeanFactory.java:333)
	at org.springframework.beans.factory.support.AbstractBeanFactory.getBean(AbstractBeanFactory.java:208)
	at org.springframework.beans.factory.support.DefaultListableBeanFactory.preInstantiateSingletons(DefaultListableBeanFactory.java:953)
	at org.springframework.context.support.AbstractApplicationContext.finishBeanFactoryInitialization(AbstractApplicationContext.java:918)
	at org.springframework.context.support.AbstractApplicationContext.refresh(AbstractApplicationContext.java:583)
	at org.springframework.boot.web.servlet.context.ServletWebServerApplicationContext.refresh(ServletWebServerApplicationContext.java:147)
	at org.springframework.boot.SpringApplication.refresh(SpringApplication.java:734)
	at org.springframework.boot.SpringApplication.refreshContext(SpringApplication.java:408)
	at org.springframework.boot.SpringApplication.run(SpringApplication.java:308)
	at org.springframework.boot.SpringApplication.run(SpringApplication.java:1306)
	at org.springframework.boot.SpringApplication.run(SpringApplication.java:1295)
	at com.example.springbootwebmvc.SpringbootWebmvcApplication.main(SpringbootWebmvcApplication.java:9)
	at sun.reflect.NativeMethodAccessorImpl.invoke0(Native Method)
	at sun.reflect.NativeMethodAccessorImpl.invoke(NativeMethodAccessorImpl.java:62)
	at sun.reflect.DelegatingMethodAccessorImpl.invoke(DelegatingMethodAccessorImpl.java:43)
	at java.lang.reflect.Method.invoke(Method.java:498)
	at org.springframework.boot.devtools.restart.RestartLauncher.run(RestartLauncher.java:49)
Caused by: java.lang.IllegalStateException: Failed to introspect Class [com.example.springbootwebmvc.controller.ProtobufController] from ClassLoader [org.springframework.boot.devtools.restart.classloader.RestartClassLoader@67c9bec]
	at org.springframework.util.ReflectionUtils.getDeclaredMethods(ReflectionUtils.java:485)
	at org.springframework.util.ReflectionUtils.doWithLocalMethods(ReflectionUtils.java:321)
	at org.springframework.beans.factory.annotation.AutowiredAnnotationBeanPostProcessor.determineCandidateConstructors(AutowiredAnnotationBeanPostProcessor.java:267)
	... 23 common frames omitted
Caused by: java.lang.NoClassDefFoundError: Person
	at java.lang.Class.getDeclaredMethods0(Native Method)
	at java.lang.Class.privateGetDeclaredMethods(Class.java:2701)
	at java.lang.Class.getDeclaredMethods(Class.java:1975)
	at org.springframework.util.ReflectionUtils.getDeclaredMethods(ReflectionUtils.java:467)
	... 25 common frames omitted
Caused by: java.lang.ClassNotFoundException: Person
	at java.net.URLClassLoader.findClass(URLClassLoader.java:387)
	at java.lang.ClassLoader.loadClass(ClassLoader.java:418)
	at sun.misc.Launcher$AppClassLoader.loadClass(Launcher.java:359)
	at java.lang.ClassLoader.loadClass(ClassLoader.java:351)
	at java.lang.Class.forName0(Native Method)
	at java.lang.Class.forName(Class.java:348)
	at org.springframework.boot.devtools.restart.classloader.RestartClassLoader.loadClass(RestartClassLoader.java:145)
	at java.lang.ClassLoader.loadClass(ClassLoader.java:351)
	... 29 common frames omitted
2025-03-15 11:10:36.449 [restartedMain] INFO  c.e.springbootwebmvc.SpringbootWebmvcApplication - Starting SpringbootWebmvcApplication using Java 1.8.0_411 on DESKTOP-4UQJUI6 with PID 37792 (D:\code\study\protobuf\target\classes started by DELL in D:\code\study\protobuf)
2025-03-15 11:10:36.449 [restartedMain] DEBUG c.e.springbootwebmvc.SpringbootWebmvcApplication - Running with Spring Boot v2.7.0, Spring v5.3.20
2025-03-15 11:10:36.450 [restartedMain] INFO  c.e.springbootwebmvc.SpringbootWebmvcApplication - No active profile set, falling back to 1 default profile: "default"
2025-03-15 11:10:36.513 [restartedMain] INFO  o.s.boot.web.embedded.tomcat.TomcatWebServer - Tomcat initialized with port(s): 8080 (http)
2025-03-15 11:10:36.513 [restartedMain] INFO  org.apache.coyote.http11.Http11NioProtocol - Initializing ProtocolHandler ["http-nio-8080"]
2025-03-15 11:10:36.513 [restartedMain] INFO  org.apache.catalina.core.StandardService - Starting service [Tomcat]
2025-03-15 11:10:36.513 [restartedMain] INFO  org.apache.catalina.core.StandardEngine - Starting Servlet engine: [Apache Tomcat/9.0.63]
2025-03-15 11:10:36.516 [restartedMain] INFO  o.a.c.c.ContainerBase.[Tomcat-2].[localhost].[/] - Initializing Spring embedded WebApplicationContext
2025-03-15 11:10:36.517 [restartedMain] INFO  o.s.b.w.s.c.ServletWebServerApplicationContext - Root WebApplicationContext: initialization completed in 67 ms
2025-03-15 11:10:36.519 [restartedMain] WARN  o.s.b.w.s.c.AnnotationConfigServletWebServerApplicationContext - Exception encountered during context initialization - cancelling refresh attempt: org.springframework.beans.factory.BeanCreationException: Error creating bean with name 'protobufController': Lookup method resolution failed; nested exception is java.lang.IllegalStateException: Failed to introspect Class [com.example.springbootwebmvc.controller.ProtobufController] from ClassLoader [org.springframework.boot.devtools.restart.classloader.RestartClassLoader@34674632]
2025-03-15 11:10:36.520 [restartedMain] INFO  org.apache.catalina.core.StandardService - Stopping service [Tomcat]
2025-03-15 11:10:36.521 [restartedMain] INFO  o.s.b.a.l.ConditionEvaluationReportLoggingListener - 

Error starting ApplicationContext. To display the conditions report re-run your application with 'debug' enabled.
2025-03-15 11:10:36.525 [restartedMain] ERROR org.springframework.boot.SpringApplication - Application run failed
org.springframework.beans.factory.BeanCreationException: Error creating bean with name 'protobufController': Lookup method resolution failed; nested exception is java.lang.IllegalStateException: Failed to introspect Class [com.example.springbootwebmvc.controller.ProtobufController] from ClassLoader [org.springframework.boot.devtools.restart.classloader.RestartClassLoader@34674632]
	at org.springframework.beans.factory.annotation.AutowiredAnnotationBeanPostProcessor.determineCandidateConstructors(AutowiredAnnotationBeanPostProcessor.java:289)
	at org.springframework.beans.factory.support.AbstractAutowireCapableBeanFactory.determineConstructorsFromBeanPostProcessors(AbstractAutowireCapableBeanFactory.java:1302)
	at org.springframework.beans.factory.support.AbstractAutowireCapableBeanFactory.createBeanInstance(AbstractAutowireCapableBeanFactory.java:1219)
	at org.springframework.beans.factory.support.AbstractAutowireCapableBeanFactory.doCreateBean(AbstractAutowireCapableBeanFactory.java:582)
	at org.springframework.beans.factory.support.AbstractAutowireCapableBeanFactory.createBean(AbstractAutowireCapableBeanFactory.java:542)
	at org.springframework.beans.factory.support.AbstractBeanFactory.lambda$doGetBean$0(AbstractBeanFactory.java:335)
	at org.springframework.beans.factory.support.DefaultSingletonBeanRegistry.getSingleton(DefaultSingletonBeanRegistry.java:234)
	at org.springframework.beans.factory.support.AbstractBeanFactory.doGetBean(AbstractBeanFactory.java:333)
	at org.springframework.beans.factory.support.AbstractBeanFactory.getBean(AbstractBeanFactory.java:208)
	at org.springframework.beans.factory.support.DefaultListableBeanFactory.preInstantiateSingletons(DefaultListableBeanFactory.java:953)
	at org.springframework.context.support.AbstractApplicationContext.finishBeanFactoryInitialization(AbstractApplicationContext.java:918)
	at org.springframework.context.support.AbstractApplicationContext.refresh(AbstractApplicationContext.java:583)
	at org.springframework.boot.web.servlet.context.ServletWebServerApplicationContext.refresh(ServletWebServerApplicationContext.java:147)
	at org.springframework.boot.SpringApplication.refresh(SpringApplication.java:734)
	at org.springframework.boot.SpringApplication.refreshContext(SpringApplication.java:408)
	at org.springframework.boot.SpringApplication.run(SpringApplication.java:308)
	at org.springframework.boot.SpringApplication.run(SpringApplication.java:1306)
	at org.springframework.boot.SpringApplication.run(SpringApplication.java:1295)
	at com.example.springbootwebmvc.SpringbootWebmvcApplication.main(SpringbootWebmvcApplication.java:9)
	at sun.reflect.NativeMethodAccessorImpl.invoke0(Native Method)
	at sun.reflect.NativeMethodAccessorImpl.invoke(NativeMethodAccessorImpl.java:62)
	at sun.reflect.DelegatingMethodAccessorImpl.invoke(DelegatingMethodAccessorImpl.java:43)
	at java.lang.reflect.Method.invoke(Method.java:498)
	at org.springframework.boot.devtools.restart.RestartLauncher.run(RestartLauncher.java:49)
Caused by: java.lang.IllegalStateException: Failed to introspect Class [com.example.springbootwebmvc.controller.ProtobufController] from ClassLoader [org.springframework.boot.devtools.restart.classloader.RestartClassLoader@34674632]
	at org.springframework.util.ReflectionUtils.getDeclaredMethods(ReflectionUtils.java:485)
	at org.springframework.util.ReflectionUtils.doWithLocalMethods(ReflectionUtils.java:321)
	at org.springframework.beans.factory.annotation.AutowiredAnnotationBeanPostProcessor.determineCandidateConstructors(AutowiredAnnotationBeanPostProcessor.java:267)
	... 23 common frames omitted
Caused by: java.lang.NoClassDefFoundError: Person
	at java.lang.Class.getDeclaredMethods0(Native Method)
	at java.lang.Class.privateGetDeclaredMethods(Class.java:2701)
	at java.lang.Class.getDeclaredMethods(Class.java:1975)
	at org.springframework.util.ReflectionUtils.getDeclaredMethods(ReflectionUtils.java:467)
	... 25 common frames omitted
Caused by: java.lang.ClassNotFoundException: Person
	at java.net.URLClassLoader.findClass(URLClassLoader.java:387)
	at java.lang.ClassLoader.loadClass(ClassLoader.java:418)
	at sun.misc.Launcher$AppClassLoader.loadClass(Launcher.java:359)
	at java.lang.ClassLoader.loadClass(ClassLoader.java:351)
	at java.lang.Class.forName0(Native Method)
	at java.lang.Class.forName(Class.java:348)
	at org.springframework.boot.devtools.restart.classloader.RestartClassLoader.loadClass(RestartClassLoader.java:145)
	at java.lang.ClassLoader.loadClass(ClassLoader.java:351)
	... 29 common frames omitted
2025-03-15 11:11:07.490 [restartedMain] INFO  c.e.springbootwebmvc.SpringbootWebmvcApplication - Starting SpringbootWebmvcApplication using Java 1.8.0_411 on DESKTOP-4UQJUI6 with PID 37792 (D:\code\study\protobuf\target\classes started by DELL in D:\code\study\protobuf)
2025-03-15 11:11:07.490 [restartedMain] DEBUG c.e.springbootwebmvc.SpringbootWebmvcApplication - Running with Spring Boot v2.7.0, Spring v5.3.20
2025-03-15 11:11:07.490 [restartedMain] INFO  c.e.springbootwebmvc.SpringbootWebmvcApplication - No active profile set, falling back to 1 default profile: "default"
2025-03-15 11:11:07.565 [restartedMain] INFO  o.s.boot.web.embedded.tomcat.TomcatWebServer - Tomcat initialized with port(s): 8080 (http)
2025-03-15 11:11:07.567 [restartedMain] INFO  org.apache.coyote.http11.Http11NioProtocol - Initializing ProtocolHandler ["http-nio-8080"]
2025-03-15 11:11:07.567 [restartedMain] INFO  org.apache.catalina.core.StandardService - Starting service [Tomcat]
2025-03-15 11:11:07.567 [restartedMain] INFO  org.apache.catalina.core.StandardEngine - Starting Servlet engine: [Apache Tomcat/9.0.63]
2025-03-15 11:11:07.571 [restartedMain] INFO  o.a.c.c.ContainerBase.[Tomcat-3].[localhost].[/] - Initializing Spring embedded WebApplicationContext
2025-03-15 11:11:07.571 [restartedMain] INFO  o.s.b.w.s.c.ServletWebServerApplicationContext - Root WebApplicationContext: initialization completed in 80 ms
2025-03-15 11:11:07.603 [restartedMain] INFO  o.s.b.d.autoconfigure.OptionalLiveReloadServer - LiveReload server is running on port 35729
2025-03-15 11:11:07.607 [restartedMain] INFO  org.apache.coyote.http11.Http11NioProtocol - Starting ProtocolHandler ["http-nio-8080"]
2025-03-15 11:11:07.609 [restartedMain] INFO  o.s.boot.web.embedded.tomcat.TomcatWebServer - Tomcat started on port(s): 8080 (http) with context path ''
2025-03-15 11:11:07.612 [restartedMain] INFO  c.e.springbootwebmvc.SpringbootWebmvcApplication - Started SpringbootWebmvcApplication in 0.134 seconds (JVM running for 445.173)
2025-03-15 11:11:07.614 [restartedMain] INFO  o.s.b.d.a.ConditionEvaluationDeltaLoggingListener - Condition evaluation unchanged
2025-03-15 11:12:29.402 [restartedMain] INFO  c.e.springbootwebmvc.SpringbootWebmvcApplication - Starting SpringbootWebmvcApplication using Java 1.8.0_411 on DESKTOP-4UQJUI6 with PID 37792 (D:\code\study\protobuf\target\classes started by DELL in D:\code\study\protobuf)
2025-03-15 11:12:29.402 [restartedMain] DEBUG c.e.springbootwebmvc.SpringbootWebmvcApplication - Running with Spring Boot v2.7.0, Spring v5.3.20
2025-03-15 11:12:29.402 [restartedMain] INFO  c.e.springbootwebmvc.SpringbootWebmvcApplication - No active profile set, falling back to 1 default profile: "default"
2025-03-15 11:12:29.457 [restartedMain] INFO  o.s.boot.web.embedded.tomcat.TomcatWebServer - Tomcat initialized with port(s): 8080 (http)
2025-03-15 11:12:29.458 [restartedMain] INFO  org.apache.coyote.http11.Http11NioProtocol - Initializing ProtocolHandler ["http-nio-8080"]
2025-03-15 11:12:29.459 [restartedMain] INFO  org.apache.catalina.core.StandardService - Starting service [Tomcat]
2025-03-15 11:12:29.459 [restartedMain] INFO  org.apache.catalina.core.StandardEngine - Starting Servlet engine: [Apache Tomcat/9.0.63]
2025-03-15 11:12:29.463 [restartedMain] INFO  o.a.c.c.ContainerBase.[Tomcat-3].[localhost].[/] - Initializing Spring embedded WebApplicationContext
2025-03-15 11:12:29.463 [restartedMain] INFO  o.s.b.w.s.c.ServletWebServerApplicationContext - Root WebApplicationContext: initialization completed in 60 ms
2025-03-15 11:12:29.486 [restartedMain] INFO  o.s.b.d.autoconfigure.OptionalLiveReloadServer - LiveReload server is running on port 35729
2025-03-15 11:12:29.488 [restartedMain] INFO  org.apache.coyote.http11.Http11NioProtocol - Starting ProtocolHandler ["http-nio-8080"]
2025-03-15 11:12:29.489 [restartedMain] INFO  o.s.boot.web.embedded.tomcat.TomcatWebServer - Tomcat started on port(s): 8080 (http) with context path ''
2025-03-15 11:12:29.491 [restartedMain] INFO  c.e.springbootwebmvc.SpringbootWebmvcApplication - Started SpringbootWebmvcApplication in 0.106 seconds (JVM running for 527.052)
2025-03-15 11:12:29.491 [restartedMain] INFO  o.s.b.d.a.ConditionEvaluationDeltaLoggingListener - Condition evaluation unchanged
2025-03-15 11:21:13.407 [restartedMain] INFO  c.e.springbootwebmvc.SpringbootWebmvcApplication - Starting SpringbootWebmvcApplication using Java 1.8.0_411 on DESKTOP-4UQJUI6 with PID 37792 (D:\code\study\protobuf\target\classes started by DELL in D:\code\study\protobuf)
2025-03-15 11:21:13.407 [restartedMain] DEBUG c.e.springbootwebmvc.SpringbootWebmvcApplication - Running with Spring Boot v2.7.0, Spring v5.3.20
2025-03-15 11:21:13.408 [restartedMain] INFO  c.e.springbootwebmvc.SpringbootWebmvcApplication - No active profile set, falling back to 1 default profile: "default"
2025-03-15 11:21:13.463 [restartedMain] INFO  o.s.boot.web.embedded.tomcat.TomcatWebServer - Tomcat initialized with port(s): 8080 (http)
2025-03-15 11:21:13.463 [restartedMain] INFO  org.apache.coyote.http11.Http11NioProtocol - Initializing ProtocolHandler ["http-nio-8080"]
2025-03-15 11:21:13.464 [restartedMain] INFO  org.apache.catalina.core.StandardService - Starting service [Tomcat]
2025-03-15 11:21:13.464 [restartedMain] INFO  org.apache.catalina.core.StandardEngine - Starting Servlet engine: [Apache Tomcat/9.0.63]
2025-03-15 11:21:13.466 [restartedMain] INFO  o.a.c.c.ContainerBase.[Tomcat-3].[localhost].[/] - Initializing Spring embedded WebApplicationContext
2025-03-15 11:21:13.466 [restartedMain] INFO  o.s.b.w.s.c.ServletWebServerApplicationContext - Root WebApplicationContext: initialization completed in 58 ms
2025-03-15 11:21:13.491 [restartedMain] INFO  o.s.b.d.autoconfigure.OptionalLiveReloadServer - LiveReload server is running on port 35729
2025-03-15 11:21:13.492 [restartedMain] INFO  org.apache.coyote.http11.Http11NioProtocol - Starting ProtocolHandler ["http-nio-8080"]
2025-03-15 11:21:13.494 [restartedMain] INFO  o.s.boot.web.embedded.tomcat.TomcatWebServer - Tomcat started on port(s): 8080 (http) with context path ''
2025-03-15 11:21:13.497 [restartedMain] INFO  c.e.springbootwebmvc.SpringbootWebmvcApplication - Started SpringbootWebmvcApplication in 0.105 seconds (JVM running for 1051.058)
2025-03-15 11:21:13.498 [restartedMain] INFO  o.s.b.d.a.ConditionEvaluationDeltaLoggingListener - Condition evaluation unchanged
2025-03-15 11:21:15.001 [restartedMain] INFO  c.e.springbootwebmvc.SpringbootWebmvcApplication - Starting SpringbootWebmvcApplication using Java 1.8.0_411 on DESKTOP-4UQJUI6 with PID 37792 (D:\code\study\protobuf\target\classes started by DELL in D:\code\study\protobuf)
2025-03-15 11:21:15.001 [restartedMain] DEBUG c.e.springbootwebmvc.SpringbootWebmvcApplication - Running with Spring Boot v2.7.0, Spring v5.3.20
2025-03-15 11:21:15.002 [restartedMain] INFO  c.e.springbootwebmvc.SpringbootWebmvcApplication - No active profile set, falling back to 1 default profile: "default"
2025-03-15 11:21:15.055 [restartedMain] INFO  o.s.boot.web.embedded.tomcat.TomcatWebServer - Tomcat initialized with port(s): 8080 (http)
2025-03-15 11:21:15.055 [restartedMain] INFO  org.apache.coyote.http11.Http11NioProtocol - Initializing ProtocolHandler ["http-nio-8080"]
2025-03-15 11:21:15.056 [restartedMain] INFO  org.apache.catalina.core.StandardService - Starting service [Tomcat]
2025-03-15 11:21:15.056 [restartedMain] INFO  org.apache.catalina.core.StandardEngine - Starting Servlet engine: [Apache Tomcat/9.0.63]
2025-03-15 11:21:15.058 [restartedMain] INFO  o.a.c.c.ContainerBase.[Tomcat-3].[localhost].[/] - Initializing Spring embedded WebApplicationContext
2025-03-15 11:21:15.059 [restartedMain] INFO  o.s.b.w.s.c.ServletWebServerApplicationContext - Root WebApplicationContext: initialization completed in 56 ms
2025-03-15 11:21:15.079 [restartedMain] INFO  o.s.b.d.autoconfigure.OptionalLiveReloadServer - LiveReload server is running on port 35729
2025-03-15 11:21:15.080 [restartedMain] INFO  org.apache.coyote.http11.Http11NioProtocol - Starting ProtocolHandler ["http-nio-8080"]
2025-03-15 11:21:15.081 [restartedMain] INFO  o.s.boot.web.embedded.tomcat.TomcatWebServer - Tomcat started on port(s): 8080 (http) with context path ''
2025-03-15 11:21:15.083 [restartedMain] INFO  c.e.springbootwebmvc.SpringbootWebmvcApplication - Started SpringbootWebmvcApplication in 0.095 seconds (JVM running for 1052.643)
2025-03-15 11:21:15.083 [restartedMain] INFO  o.s.b.d.a.ConditionEvaluationDeltaLoggingListener - Condition evaluation unchanged
